c:\users\fernando rocha\desktop\source-master\debug\vc140.pdb
c:\users\fernando rocha\desktop\source-master\debug\vc140.idb
c:\users\fernando rocha\desktop\source-master\debug\citemvend.obj
c:\users\fernando rocha\desktop\source-master\debug\clog.obj
c:\users\fernando rocha\desktop\source-master\debug\cobjbase.obj
c:\users\fernando rocha\desktop\source-master\debug\cparty.obj
c:\users\fernando rocha\desktop\source-master\debug\cpathfinder.obj
c:\users\fernando rocha\desktop\source-master\debug\cresource.obj
c:\users\fernando rocha\desktop\source-master\debug\cresourcecalc.obj
c:\users\fernando rocha\desktop\source-master\debug\cresourcedef.obj
c:\users\fernando rocha\desktop\source-master\debug\csector.obj
c:\users\fernando rocha\desktop\source-master\debug\cserver.obj
c:\users\fernando rocha\desktop\source-master\debug\cservref.obj
c:\users\fernando rocha\desktop\source-master\debug\cwebpage.obj
c:\users\fernando rocha\desktop\source-master\debug\cworld.obj
c:\users\fernando rocha\desktop\source-master\debug\cworldimport.obj
c:\users\fernando rocha\desktop\source-master\debug\cworldmap.obj
c:\users\fernando rocha\desktop\source-master\debug\graysvr.obj
c:\users\fernando rocha\desktop\source-master\debug\ntservice.obj
c:\users\fernando rocha\desktop\source-master\debug\ntwindow.obj
c:\users\fernando rocha\desktop\source-master\debug\pingserver.obj
c:\users\fernando rocha\desktop\source-master\debug\unixterminal.obj
c:\users\fernando rocha\desktop\source-master\debug\cgraydata.obj
c:\users\fernando rocha\desktop\source-master\debug\cgrayinst.obj
c:\users\fernando rocha\desktop\source-master\debug\cgraymap.obj
c:\users\fernando rocha\desktop\source-master\debug\cmd5.obj
c:\users\fernando rocha\desktop\source-master\debug\cqueue.obj
c:\users\fernando rocha\desktop\source-master\debug\crect.obj
c:\users\fernando rocha\desktop\source-master\debug\cregion.obj
c:\users\fernando rocha\desktop\source-master\debug\cresourcebase.obj
c:\users\fernando rocha\desktop\source-master\debug\cscript.obj
c:\users\fernando rocha\desktop\source-master\debug\cscriptobj.obj
c:\users\fernando rocha\desktop\source-master\debug\csectortemplate.obj
c:\users\fernando rocha\desktop\source-master\debug\csocket.obj
c:\users\fernando rocha\desktop\source-master\debug\cstring.obj
c:\users\fernando rocha\desktop\source-master\debug\ctime.obj
c:\users\fernando rocha\desktop\source-master\debug\cvardefmap.obj
c:\users\fernando rocha\desktop\source-master\debug\listdefcontmap.obj
c:\users\fernando rocha\desktop\source-master\debug\cwindow.obj
c:\users\fernando rocha\desktop\source-master\debug\graycom.obj
c:\users\fernando rocha\desktop\source-master\debug\citemspawn.obj
c:\users\fernando rocha\desktop\source-master\debug\citemstone.obj
c:\users\fernando rocha\desktop\source-master\debug\cclientgmpage.obj
c:\users\fernando rocha\desktop\source-master\debug\cclientlog.obj
c:\users\fernando rocha\desktop\source-master\debug\cclientmsg.obj
c:\users\fernando rocha\desktop\source-master\debug\cclienttarg.obj
c:\users\fernando rocha\desktop\source-master\debug\cclientuse.obj
c:\users\fernando rocha\desktop\source-master\debug\ccontain.obj
c:\users\fernando rocha\desktop\source-master\debug\cgmpage.obj
c:\users\fernando rocha\desktop\source-master\debug\citem.obj
c:\users\fernando rocha\desktop\source-master\debug\citembase.obj
c:\users\fernando rocha\desktop\source-master\debug\citemmulti.obj
c:\users\fernando rocha\desktop\source-master\debug\citemmulticustom.obj
c:\users\fernando rocha\desktop\source-master\debug\citemship.obj
c:\users\fernando rocha\desktop\source-master\debug\twofish2.obj
c:\users\fernando rocha\desktop\source-master\debug\carray.obj
c:\users\fernando rocha\desktop\source-master\debug\cassoc.obj
c:\users\fernando rocha\desktop\source-master\debug\cdatabase.obj
c:\users\fernando rocha\desktop\source-master\debug\cexception.obj
c:\users\fernando rocha\desktop\source-master\debug\cexpression.obj
c:\users\fernando rocha\desktop\source-master\debug\cfile.obj
c:\users\fernando rocha\desktop\source-master\debug\cfilelist.obj
c:\users\fernando rocha\desktop\source-master\debug\strings.obj
c:\users\fernando rocha\desktop\source-master\debug\threads.obj
c:\users\fernando rocha\desktop\source-master\debug\caccount.obj
c:\users\fernando rocha\desktop\source-master\debug\cbase.obj
c:\users\fernando rocha\desktop\source-master\debug\cchar.obj
c:\users\fernando rocha\desktop\source-master\debug\ccharact.obj
c:\users\fernando rocha\desktop\source-master\debug\ccharbase.obj
c:\users\fernando rocha\desktop\source-master\debug\ccharfight.obj
c:\users\fernando rocha\desktop\source-master\debug\ccharnpc.obj
c:\users\fernando rocha\desktop\source-master\debug\ccharnpcact.obj
c:\users\fernando rocha\desktop\source-master\debug\ccharnpcpet.obj
c:\users\fernando rocha\desktop\source-master\debug\ccharnpcstatus.obj
c:\users\fernando rocha\desktop\source-master\debug\ccharskill.obj
c:\users\fernando rocha\desktop\source-master\debug\ccharspell.obj
c:\users\fernando rocha\desktop\source-master\debug\ccharstatus.obj
c:\users\fernando rocha\desktop\source-master\debug\ccharuse.obj
c:\users\fernando rocha\desktop\source-master\debug\cchat.obj
c:\users\fernando rocha\desktop\source-master\debug\cclient.obj
c:\users\fernando rocha\desktop\source-master\debug\cclientdialog.obj
c:\users\fernando rocha\desktop\source-master\debug\cclientevent.obj
c:\users\fernando rocha\desktop\source-master\debug\cacheablescriptfile.obj
c:\users\fernando rocha\desktop\source-master\debug\cencrypt.obj
c:\users\fernando rocha\desktop\source-master\debug\crashdump.obj
c:\users\fernando rocha\desktop\source-master\debug\csvfile.obj
c:\users\fernando rocha\desktop\source-master\debug\cvarfloat.obj
c:\users\fernando rocha\desktop\source-master\debug\sqlite.obj
c:\users\fernando rocha\desktop\source-master\debug\network.obj
c:\users\fernando rocha\desktop\source-master\debug\packet.obj
c:\users\fernando rocha\desktop\source-master\debug\receive.obj
c:\users\fernando rocha\desktop\source-master\debug\send.obj
c:\users\fernando rocha\desktop\source-master\debug\asyncdb.obj
c:\users\fernando rocha\desktop\source-master\debug\linuxev.obj
c:\users\fernando rocha\desktop\source-master\debug\mutex.obj
c:\users\fernando rocha\desktop\source-master\debug\profiledata.obj
c:\users\fernando rocha\desktop\source-master\debug\sqlite3.obj
c:\users\fernando rocha\desktop\source-master\debug\adler32.obj
c:\users\fernando rocha\desktop\source-master\debug\compress.obj
c:\users\fernando rocha\desktop\source-master\debug\crc32.obj
c:\users\fernando rocha\desktop\source-master\debug\deflate.obj
c:\users\fernando rocha\desktop\source-master\debug\gzclose.obj
c:\users\fernando rocha\desktop\source-master\debug\gzlib.obj
c:\users\fernando rocha\desktop\source-master\debug\gzread.obj
c:\users\fernando rocha\desktop\source-master\debug\gzwrite.obj
c:\users\fernando rocha\desktop\source-master\debug\infback.obj
c:\users\fernando rocha\desktop\source-master\debug\inffast.obj
c:\users\fernando rocha\desktop\source-master\debug\inflate.obj
c:\users\fernando rocha\desktop\source-master\debug\inftrees.obj
c:\users\fernando rocha\desktop\source-master\debug\trees.obj
c:\users\fernando rocha\desktop\source-master\debug\uncompr.obj
c:\users\fernando rocha\desktop\source-master\debug\zutil.obj
c:\users\fernando rocha\desktop\source-master\debug\spheresvr.ilk
c:\users\fernando rocha\desktop\source-master\debug\spheresvr.exe
c:\users\fernando rocha\desktop\source-master\debug\spheresvr.pdb
c:\users\fernando rocha\desktop\source-master\debug\graysvr.res
c:\users\fernando rocha\desktop\source-master\debug\0.56d.tlog\cl.command.1.tlog
c:\users\fernando rocha\desktop\source-master\debug\0.56d.tlog\cl.read.1.tlog
c:\users\fernando rocha\desktop\source-master\debug\0.56d.tlog\cl.write.1.tlog
c:\users\fernando rocha\desktop\source-master\debug\0.56d.tlog\link.command.1.tlog
c:\users\fernando rocha\desktop\source-master\debug\0.56d.tlog\link.read.1.tlog
c:\users\fernando rocha\desktop\source-master\debug\0.56d.tlog\link.write.1.tlog
c:\users\fernando rocha\desktop\source-master\debug\0.56d.tlog\rc.command.1.tlog
c:\users\fernando rocha\desktop\source-master\debug\0.56d.tlog\rc.read.1.tlog
c:\users\fernando rocha\desktop\source-master\debug\0.56d.tlog\rc.write.1.tlog
